<?xml version="1.0" encoding="UTF-8"?>
<!-- Generated by org.testng.reporters.JUnitReportReporter -->
<testsuite skipped="0" hostname="ITLNB102" name="com.crm.qa.testcases.HomePageTest" tests="3" failures="0" timestamp="19 Apr 2018 04:07:43 GMT" time="86.221" errors="0">
  <testcase name="verifyHomePageTitleTest" time="30.118" classname="com.crm.qa.testcases.HomePageTest"/>
  <testcase name="verfiyUserNameTest" time="24.779" classname="com.crm.qa.testcases.HomePageTest"/>
  <testcase name="verifyContactsLinkTest" time="31.324" classname="com.crm.qa.testcases.HomePageTest"/>
</testsuite> <!-- com.crm.qa.testcases.HomePageTest -->
